<?xml version="1.0" encoding="UTF-8"?>
<!-- Generated by org.testng.reporters.JUnitReportReporter -->
<testsuite hostname="LTIN238903" failures="0" tests="5" name="TestCases.SmokeTesting" time="60.856" errors="0" timestamp="2024-02-29T14:19:41 IST" skipped="0">
  <testcase classname="TestCases.SmokeTesting" name="user_search_the_web_development_courses" time="11.092"/>
  <testcase classname="TestCases.SmokeTesting" name="user_click_on_the_web_development_skill_in_the_filter" time="9.189"/>
  <testcase classname="TestCases.SmokeTesting" name="user_search_the_language_learning" time="9.182"/>
  <testcase classname="TestCases.SmokeTesting" name="user_click_on_the_language_learning_in_filter" time="2.324"/>
  <testcase classname="TestCases.SmokeTesting" name="user_navigate_to_the_form" time="29.069"/>
</testsuite> <!-- TestCases.SmokeTesting -->
