<?xml version="1.0" encoding="UTF-8"?>
<!-- Generated by org.testng.reporters.JUnitReportReporter -->
<testsuite hostname="LTIN238903" failures="0" tests="3" name="TestCases.RegressionTesting" time="72.765" errors="0" timestamp="2024-02-29T14:16:05 IST" skipped="0">
  <testcase classname="TestCases.RegressionTesting" name="Select_the_WebDevelopment_Skill" time="24.162"/>
  <testcase classname="TestCases.RegressionTesting" name="Select_the_English_And_Beginner" time="6.499"/>
  <testcase classname="TestCases.RegressionTesting" name="Fetch_the_Course_Details" time="42.104"/>
</testsuite> <!-- TestCases.RegressionTesting -->
